\BOOKMARK [1][-]{section.1}{Introduction}{}% 1
\BOOKMARK [1][-]{section.2}{Literature Review}{}% 2
\BOOKMARK [2][-]{subsection.2.1}{Anomaly Detection for RMT}{section.2}% 3
\BOOKMARK [2][-]{subsection.2.2}{Types of Anomaly}{section.2}% 4
\BOOKMARK [2][-]{subsection.2.3}{Machine Learning}{section.2}% 5
\BOOKMARK [2][-]{subsection.2.4}{Nearest-neighbor Based Algorithms}{section.2}% 6
\BOOKMARK [2][-]{subsection.2.5}{Graph-based Anomaly Detection}{section.2}% 7
\BOOKMARK [2][-]{subsection.2.6}{Autoencoders}{section.2}% 8
\BOOKMARK [2][-]{subsection.2.7}{Standard Deviation}{section.2}% 9
\BOOKMARK [2][-]{subsection.2.8}{Anomaly Detection for Other Datasets}{section.2}% 10
\BOOKMARK [1][-]{section.3}{Research Questions}{}% 11
\BOOKMARK [1][-]{section.4}{Hypotheses}{}% 12
\BOOKMARK [2][-]{subsection.4.1}{Which anomaly detection algorithm is the most performant for peer-to-peer transactions within MMOs?}{section.4}% 13
\BOOKMARK [2][-]{subsection.4.2}{Can most fraudulent transactions be found using anomaly detection algorithms?}{section.4}% 14
\BOOKMARK [1][-]{section.5}{Computing Artefact}{}% 15
\BOOKMARK [2][-]{subsection.5.1}{Game Background}{section.5}% 16
\BOOKMARK [2][-]{subsection.5.2}{Detection Algorithms}{section.5}% 17
\BOOKMARK [3][-]{subsubsection.5.2.1}{Two Stage Thresholding Algorithm}{subsection.5.2}% 18
\BOOKMARK [3][-]{subsubsection.5.2.2}{Clever SD Algorithm}{subsection.5.2}% 19
\BOOKMARK [3][-]{subsubsection.5.2.3}{Mean Standard Deviation Algorithm}{subsection.5.2}% 20
\BOOKMARK [3][-]{subsubsection.5.2.4}{Median Standard Deviation Algorithm}{subsection.5.2}% 21
\BOOKMARK [1][-]{section.6}{Data Collection Methodology}{}% 22
\BOOKMARK [2][-]{subsection.6.1}{Internal Data}{section.6}% 23
\BOOKMARK [2][-]{subsection.6.2}{Public Data}{section.6}% 24
\BOOKMARK [2][-]{subsection.6.3}{In-game Data}{section.6}% 25
\BOOKMARK [1][-]{section.7}{Validation and Verification}{}% 26
\BOOKMARK [2][-]{subsection.7.1}{Verifying Algorithms by Comparing Results of Different Algorithms}{section.7}% 27
\BOOKMARK [1][-]{section.8}{Considerations}{}% 28
\BOOKMARK [2][-]{subsection.8.1}{Legal}{section.8}% 29
\BOOKMARK [2][-]{subsection.8.2}{Ethical}{section.8}% 30
\BOOKMARK [2][-]{subsection.8.3}{Professional}{section.8}% 31
\BOOKMARK [1][-]{section.9}{Results and Analysis}{}% 32
\BOOKMARK [1][-]{section.10}{Disccussion}{}% 33
\BOOKMARK [1][-]{section.11}{References Section}{}% 34
\BOOKMARK [1][-]{section*.2}{Appendix A: Data Collection Code Samples}{}% 35
